<?xml version="1.0" encoding="UTF-8"?>
<testng-results ignored="0" total="1" passed="1" failed="0" skipped="0">
  <reporter-output>
  </reporter-output>
  <suite started-at="2023-03-29T09:24:11 IST" name="Default suite" finished-at="2023-03-29T09:24:12 IST" duration-ms="980">
    <groups>
    </groups>
    <test started-at="2023-03-29T09:24:11 IST" name="Default test" finished-at="2023-03-29T09:24:12 IST" duration-ms="980">
      <class name="reqres.SerializationDeserializtion.DeserializationTest">
        <test-method signature="deserialization()[pri:0, instance:reqres.SerializationDeserializtion.DeserializationTest@1613674b]" started-at="2023-03-29T09:24:11 IST" name="deserialization" finished-at="2023-03-29T09:24:12 IST" duration-ms="830" status="PASS">
          <reporter-output>
          </reporter-output>
        </test-method> <!-- deserialization -->
      </class> <!-- reqres.SerializationDeserializtion.DeserializationTest -->
    </test> <!-- Default test -->
  </suite> <!-- Default suite -->
</testng-results>
